<?xml version="1.0" encoding="UTF-8"?>
<testsuite xmlns:xsi="http://www.w3.org/2001/XMLSchema-instance" xsi:noNamespaceSchemaLocation="https://maven.apache.org/surefire/maven-surefire-plugin/xsd/surefire-test-report-3.0.xsd" version="3.0" name="com.hackforchange.reciclaje_backend.AppTest" time="0.025" tests="1" errors="0" skipped="0" failures="0">
  <properties>
    <property name="java.specification.version" value="21"/>
    <property name="sun.cpu.isalist" value="amd64"/>
    <property name="sun.jnu.encoding" value="Cp1252"/>
    <property name="java.class.path" value="C:\Users\Adrián\OneDrive\Escritorio\Universidad\DAD\reciclaje-backend\target\test-classes;C:\Users\Adrián\OneDrive\Escritorio\Universidad\DAD\reciclaje-backend\target\classes;C:\Users\Adrián\.m2\repository\com\google\code\gson\gson\2.8.6\gson-2.8.6.jar;C:\Users\Adrián\.m2\repository\at\favre\lib\bcrypt\0.9.0\bcrypt-0.9.0.jar;C:\Users\Adrián\.m2\repository\at\favre\lib\bytes\1.3.0\bytes-1.3.0.jar;C:\Users\Adrián\.m2\repository\io\vertx\vertx-auth-jwt\4.5.1\vertx-auth-jwt-4.5.1.jar;C:\Users\Adrián\.m2\repository\io\vertx\vertx-auth-common\4.5.1\vertx-auth-common-4.5.1.jar;C:\Users\Adrián\.m2\repository\junit\junit\3.8.1\junit-3.8.1.jar;C:\Users\Adrián\.m2\repository\io\vertx\vertx-core\4.5.1\vertx-core-4.5.1.jar;C:\Users\Adrián\.m2\repository\io\netty\netty-common\4.1.103.Final\netty-common-4.1.103.Final.jar;C:\Users\Adrián\.m2\repository\io\netty\netty-buffer\4.1.103.Final\netty-buffer-4.1.103.Final.jar;C:\Users\Adrián\.m2\repository\io\netty\netty-transport\4.1.103.Final\netty-transport-4.1.103.Final.jar;C:\Users\Adrián\.m2\repository\io\netty\netty-handler\4.1.103.Final\netty-handler-4.1.103.Final.jar;C:\Users\Adrián\.m2\repository\io\netty\netty-transport-native-unix-common\4.1.103.Final\netty-transport-native-unix-common-4.1.103.Final.jar;C:\Users\Adrián\.m2\repository\io\netty\netty-codec\4.1.103.Final\netty-codec-4.1.103.Final.jar;C:\Users\Adrián\.m2\repository\io\netty\netty-handler-proxy\4.1.103.Final\netty-handler-proxy-4.1.103.Final.jar;C:\Users\Adrián\.m2\repository\io\netty\netty-codec-socks\4.1.103.Final\netty-codec-socks-4.1.103.Final.jar;C:\Users\Adrián\.m2\repository\io\netty\netty-codec-http\4.1.103.Final\netty-codec-http-4.1.103.Final.jar;C:\Users\Adrián\.m2\repository\io\netty\netty-codec-http2\4.1.103.Final\netty-codec-http2-4.1.103.Final.jar;C:\Users\Adrián\.m2\repository\io\netty\netty-resolver\4.1.103.Final\netty-resolver-4.1.103.Final.jar;C:\Users\Adrián\.m2\repository\io\netty\netty-resolver-dns\4.1.103.Final\netty-resolver-dns-4.1.103.Final.jar;C:\Users\Adrián\.m2\repository\io\netty\netty-codec-dns\4.1.103.Final\netty-codec-dns-4.1.103.Final.jar;C:\Users\Adrián\.m2\repository\com\fasterxml\jackson\core\jackson-core\2.15.3\jackson-core-2.15.3.jar;C:\Users\Adrián\.m2\repository\io\vertx\vertx-web\4.5.1\vertx-web-4.5.1.jar;C:\Users\Adrián\.m2\repository\io\vertx\vertx-web-common\4.5.1\vertx-web-common-4.5.1.jar;C:\Users\Adrián\.m2\repository\io\vertx\vertx-bridge-common\4.5.1\vertx-bridge-common-4.5.1.jar;C:\Users\Adrián\.m2\repository\io\vertx\vertx-mysql-client\4.5.1\vertx-mysql-client-4.5.1.jar;C:\Users\Adrián\.m2\repository\io\vertx\vertx-sql-client\4.5.1\vertx-sql-client-4.5.1.jar;C:\Users\Adrián\.m2\repository\io\vertx\vertx-config\4.5.1\vertx-config-4.5.1.jar;"/>
    <property name="java.vm.vendor" value="Oracle Corporation"/>
    <property name="sun.arch.data.model" value="64"/>
    <property name="user.variant" value=""/>
    <property name="java.vendor.url" value="https://java.oracle.com/"/>
    <property name="user.timezone" value="Europe/Madrid"/>
    <property name="os.name" value="Windows 11"/>
    <property name="java.vm.specification.version" value="21"/>
    <property name="sun.java.launcher" value="SUN_STANDARD"/>
    <property name="user.country" value="ES"/>
    <property name="sun.boot.library.path" value="C:\Users\Adrián\OneDrive\Escritorio\Universidad\AÑO 3\DP 2\Workspace-25\Tools\Infrastructure\jdk-21.0.4\bin"/>
    <property name="sun.java.command" value="C:\Users\Adrián\AppData\Local\Temp\surefire17281425070556359676\surefirebooter-20250404133829673_3.jar C:\Users\Adrián\AppData\Local\Temp\surefire17281425070556359676 2025-04-04T13-38-29_510-jvmRun1 surefire-20250404133829673_1tmp surefire_0-20250404133829673_2tmp"/>
    <property name="jdk.debug" value="release"/>
    <property name="surefire.test.class.path" value="C:\Users\Adrián\OneDrive\Escritorio\Universidad\DAD\reciclaje-backend\target\test-classes;C:\Users\Adrián\OneDrive\Escritorio\Universidad\DAD\reciclaje-backend\target\classes;C:\Users\Adrián\.m2\repository\com\google\code\gson\gson\2.8.6\gson-2.8.6.jar;C:\Users\Adrián\.m2\repository\at\favre\lib\bcrypt\0.9.0\bcrypt-0.9.0.jar;C:\Users\Adrián\.m2\repository\at\favre\lib\bytes\1.3.0\bytes-1.3.0.jar;C:\Users\Adrián\.m2\repository\io\vertx\vertx-auth-jwt\4.5.1\vertx-auth-jwt-4.5.1.jar;C:\Users\Adrián\.m2\repository\io\vertx\vertx-auth-common\4.5.1\vertx-auth-common-4.5.1.jar;C:\Users\Adrián\.m2\repository\junit\junit\3.8.1\junit-3.8.1.jar;C:\Users\Adrián\.m2\repository\io\vertx\vertx-core\4.5.1\vertx-core-4.5.1.jar;C:\Users\Adrián\.m2\repository\io\netty\netty-common\4.1.103.Final\netty-common-4.1.103.Final.jar;C:\Users\Adrián\.m2\repository\io\netty\netty-buffer\4.1.103.Final\netty-buffer-4.1.103.Final.jar;C:\Users\Adrián\.m2\repository\io\netty\netty-transport\4.1.103.Final\netty-transport-4.1.103.Final.jar;C:\Users\Adrián\.m2\repository\io\netty\netty-handler\4.1.103.Final\netty-handler-4.1.103.Final.jar;C:\Users\Adrián\.m2\repository\io\netty\netty-transport-native-unix-common\4.1.103.Final\netty-transport-native-unix-common-4.1.103.Final.jar;C:\Users\Adrián\.m2\repository\io\netty\netty-codec\4.1.103.Final\netty-codec-4.1.103.Final.jar;C:\Users\Adrián\.m2\repository\io\netty\netty-handler-proxy\4.1.103.Final\netty-handler-proxy-4.1.103.Final.jar;C:\Users\Adrián\.m2\repository\io\netty\netty-codec-socks\4.1.103.Final\netty-codec-socks-4.1.103.Final.jar;C:\Users\Adrián\.m2\repository\io\netty\netty-codec-http\4.1.103.Final\netty-codec-http-4.1.103.Final.jar;C:\Users\Adrián\.m2\repository\io\netty\netty-codec-http2\4.1.103.Final\netty-codec-http2-4.1.103.Final.jar;C:\Users\Adrián\.m2\repository\io\netty\netty-resolver\4.1.103.Final\netty-resolver-4.1.103.Final.jar;C:\Users\Adrián\.m2\repository\io\netty\netty-resolver-dns\4.1.103.Final\netty-resolver-dns-4.1.103.Final.jar;C:\Users\Adrián\.m2\repository\io\netty\netty-codec-dns\4.1.103.Final\netty-codec-dns-4.1.103.Final.jar;C:\Users\Adrián\.m2\repository\com\fasterxml\jackson\core\jackson-core\2.15.3\jackson-core-2.15.3.jar;C:\Users\Adrián\.m2\repository\io\vertx\vertx-web\4.5.1\vertx-web-4.5.1.jar;C:\Users\Adrián\.m2\repository\io\vertx\vertx-web-common\4.5.1\vertx-web-common-4.5.1.jar;C:\Users\Adrián\.m2\repository\io\vertx\vertx-bridge-common\4.5.1\vertx-bridge-common-4.5.1.jar;C:\Users\Adrián\.m2\repository\io\vertx\vertx-mysql-client\4.5.1\vertx-mysql-client-4.5.1.jar;C:\Users\Adrián\.m2\repository\io\vertx\vertx-sql-client\4.5.1\vertx-sql-client-4.5.1.jar;C:\Users\Adrián\.m2\repository\io\vertx\vertx-config\4.5.1\vertx-config-4.5.1.jar;"/>
    <property name="sun.cpu.endian" value="little"/>
    <property name="user.home" value="C:\Users\Adrián"/>
    <property name="user.language" value="es"/>
    <property name="java.specification.vendor" value="Oracle Corporation"/>
    <property name="java.version.date" value="2024-07-16"/>
    <property name="java.home" value="C:\Users\Adrián\OneDrive\Escritorio\Universidad\AÑO 3\DP 2\Workspace-25\Tools\Infrastructure\jdk-21.0.4"/>
    <property name="file.separator" value="\"/>
    <property name="basedir" value="C:\Users\Adrián\OneDrive\Escritorio\Universidad\DAD\reciclaje-backend"/>
    <property name="java.vm.compressedOopsMode" value="32-bit"/>
    <property name="line.separator" value="&#10;"/>
    <property name="java.vm.specification.vendor" value="Oracle Corporation"/>
    <property name="java.specification.name" value="Java Platform API Specification"/>
    <property name="surefire.real.class.path" value="C:\Users\Adrián\AppData\Local\Temp\surefire17281425070556359676\surefirebooter-20250404133829673_3.jar"/>
    <property name="user.script" value=""/>
    <property name="sun.management.compiler" value="HotSpot 64-Bit Tiered Compilers"/>
    <property name="java.runtime.version" value="21.0.4+8-LTS-274"/>
    <property name="user.name" value="Adrián"/>
    <property name="stdout.encoding" value="Cp1252"/>
    <property name="path.separator" value=";"/>
    <property name="os.version" value="10.0"/>
    <property name="java.runtime.name" value="Java(TM) SE Runtime Environment"/>
    <property name="file.encoding" value="UTF-8"/>
    <property name="java.vm.name" value="Java HotSpot(TM) 64-Bit Server VM"/>
    <property name="localRepository" value="C:\Users\Adrián\.m2\repository"/>
    <property name="java.vendor.url.bug" value="https://bugreport.java.com/bugreport/"/>
    <property name="java.io.tmpdir" value="C:\Users\ADRIN~1\AppData\Local\Temp\"/>
    <property name="java.version" value="21.0.4"/>
    <property name="user.dir" value="C:\Users\Adrián\OneDrive\Escritorio\Universidad\DAD\reciclaje-backend"/>
    <property name="os.arch" value="amd64"/>
    <property name="java.vm.specification.name" value="Java Virtual Machine Specification"/>
    <property name="sun.os.patch.level" value=""/>
    <property name="native.encoding" value="Cp1252"/>
    <property name="java.library.path" value="C:\Users\Adrián\OneDrive\Escritorio\Universidad\AÑO 3\DP 2\Workspace-25\Tools\Infrastructure\jdk-21.0.4\bin;C:\WINDOWS\Sun\Java\bin;C:\WINDOWS\system32;C:\WINDOWS;C:\Program Files\7-Zip;C:\gurobi950\win64\bin;C:\Users\Adrián\OneDrive\Escritorio\Universidad\AÑO 3\DP 2\Workspace-25\Tools\Infrastructure\jdk-21.0.4\bin;C:\Program Files\Firefox Developer Edition;C:\Users\Adrián\OneDrive\Escritorio\Universidad\AÑO 3\DP 2\Workspace-25\Tools\Infrastructure\geckodriver-0.35.0;C:\Program Files (x86)\Common Files\Oracle\Java\javapath;C:\windows\system32;C:\windows;C:\windows\System32\Wbem;C:\windows\System32\WindowsPowerShell\v1.0\;C:\windows\System32\OpenSSH\;C:\Program Files (x86)\NVIDIA Corporation\PhysX\Common;C:\Program Files\NVIDIA Corporation\NVIDIA NvDLISR;C:\WINDOWS\system32;C:\WINDOWS;C:\WINDOWS\System32\Wbem;C:\WINDOWS\System32\WindowsPowerShell\v1.0\;C:\WINDOWS\System32\OpenSSH\;C:\Program Files\Git\cmd;C:\Program Files\Microsoft SQL Server\150\Tools\Binn\;C:\Program Files\nodejs\;C:\Program Files\HP\HP One Agent;C:\Program Files\dotnet\;C:\Program Files (x86)\Windows Kits\10\Windows Performance Toolkit\;C:\Program Files\apache-maven-3.9.9-bin\apache-maven-3.9.9\bin;C:\WINDOWS\system32;C:\WINDOWS;C:\WINDOWS\System32\Wbem;C:\WINDOWS\System32\WindowsPowerShell\v1.0\;C:\WINDOWS\System32\OpenSSH\;C:\ProgramData\chocolatey\bin;C:\Program Files\7-Zip;C:\Users\Adrián\AppData\Local\Programs\Python\Python311\Scripts\;C:\Users\Adrián\AppData\Local\Programs\Python\Python311\;C:\Users\Adrián\AppData\Local\Programs\Python\Python310\Scripts\;C:\Users\Adrián\AppData\Local\Programs\Python\Python310\;C:\Users\Adrián\AppData\Local\Microsoft\WindowsApps;C:\Users\Adrián\AppData\Local\Programs\Microsoft VS Code\bin;C:\Users\Adrián\AppData\Roaming\npm;C:\Users\Adrián\.dotnet\tools;C:\Program Files\Graphviz\bin;;."/>
    <property name="java.vm.info" value="mixed mode, sharing"/>
    <property name="stderr.encoding" value="Cp1252"/>
    <property name="java.vendor" value="Oracle Corporation"/>
    <property name="java.vm.version" value="21.0.4+8-LTS-274"/>
    <property name="sun.io.unicode.encoding" value="UnicodeLittle"/>
    <property name="java.class.version" value="65.0"/>
  </properties>
  <testcase name="testApp" classname="com.hackforchange.reciclaje_backend.AppTest" time="0.002"/>
</testsuite>